<?xml version="1.0" encoding="UTF-8"?>
<testsuite xmlns:xsi="http://www.w3.org/2001/XMLSchema-instance" xsi:noNamespaceSchemaLocation="https://maven.apache.org/surefire/maven-surefire-plugin/xsd/surefire-test-report.xsd" name="gov.iti.jets.CalculatorTest" time="0.032" tests="4" errors="0" skipped="0" failures="0">
  <properties>
[...]
</properties>
  <testcase name="gov.iti.jets.CalculatorTest.testAdditionOperation" classname="gov.iti.jets.CalculatorTest" time="0"/>
  <testcase name="gov.iti.jets.CalculatorTest.testMultiplicationOperation" classname="gov.iti.jets.CalculatorTest" time="0"/>
  <testcase name="gov.iti.jets.CalculatorTest.testDivisionOperation" classname="gov.iti.jets.CalculatorTest" time="0.017"/>
  <testcase name="gov.iti.jets.CalculatorTest.testSubtractionOperation" classname="gov.iti.jets.CalculatorTest" time="0.003"/>
</testsuite>